Determining if the Q_WS_WIN exist failed with the following output:
Change Dir: /home/akshay/plasma-mediacenter/build/CMakeFiles/CMakeTmp

Run Build Command:/usr/bin/make "cmTryCompileExec859790092/fast"
/usr/bin/make -f CMakeFiles/cmTryCompileExec859790092.dir/build.make CMakeFiles/cmTryCompileExec859790092.dir/build
make[1]: Entering directory `/home/akshay/plasma-mediacenter/build/CMakeFiles/CMakeTmp'
/usr/bin/cmake -E cmake_progress_report /home/akshay/plasma-mediacenter/build/CMakeFiles/CMakeTmp/CMakeFiles 1
Building C object CMakeFiles/cmTryCompileExec859790092.dir/CheckSymbolExists.c.o
/usr/bin/gcc   -I/usr/include/qt4    -o CMakeFiles/cmTryCompileExec859790092.dir/CheckSymbolExists.c.o   -c /home/akshay/plasma-mediacenter/build/CMakeFiles/CMakeTmp/CheckSymbolExists.c
/home/akshay/plasma-mediacenter/build/CMakeFiles/CMakeTmp/CheckSymbolExists.c: In function ‘main’:
/home/akshay/plasma-mediacenter/build/CMakeFiles/CMakeTmp/CheckSymbolExists.c:8:19: error: ‘Q_WS_WIN’ undeclared (first use in this function)
/home/akshay/plasma-mediacenter/build/CMakeFiles/CMakeTmp/CheckSymbolExists.c:8:19: note: each undeclared identifier is reported only once for each function it appears in
make[1]: *** [CMakeFiles/cmTryCompileExec859790092.dir/CheckSymbolExists.c.o] Error 1
make[1]: Leaving directory `/home/akshay/plasma-mediacenter/build/CMakeFiles/CMakeTmp'
make: *** [cmTryCompileExec859790092/fast] Error 2

File /home/akshay/plasma-mediacenter/build/CMakeFiles/CMakeTmp/CheckSymbolExists.c:
/* */
#include <QtCore/qglobal.h>

int main(int argc, char** argv)
{
  (void)argv;
#ifndef Q_WS_WIN
  return ((int*)(&Q_WS_WIN))[argc];
#else
  (void)argc;
  return 0;
#endif
}

Determining if the Q_WS_QWS exist failed with the following output:
Change Dir: /home/akshay/plasma-mediacenter/build/CMakeFiles/CMakeTmp

Run Build Command:/usr/bin/make "cmTryCompileExec2652392648/fast"
/usr/bin/make -f CMakeFiles/cmTryCompileExec2652392648.dir/build.make CMakeFiles/cmTryCompileExec2652392648.dir/build
make[1]: Entering directory `/home/akshay/plasma-mediacenter/build/CMakeFiles/CMakeTmp'
/usr/bin/cmake -E cmake_progress_report /home/akshay/plasma-mediacenter/build/CMakeFiles/CMakeTmp/CMakeFiles 1
Building C object CMakeFiles/cmTryCompileExec2652392648.dir/CheckSymbolExists.c.o
/usr/bin/gcc   -I/usr/include/qt4    -o CMakeFiles/cmTryCompileExec2652392648.dir/CheckSymbolExists.c.o   -c /home/akshay/plasma-mediacenter/build/CMakeFiles/CMakeTmp/CheckSymbolExists.c
/home/akshay/plasma-mediacenter/build/CMakeFiles/CMakeTmp/CheckSymbolExists.c: In function ‘main’:
/home/akshay/plasma-mediacenter/build/CMakeFiles/CMakeTmp/CheckSymbolExists.c:8:19: error: ‘Q_WS_QWS’ undeclared (first use in this function)
/home/akshay/plasma-mediacenter/build/CMakeFiles/CMakeTmp/CheckSymbolExists.c:8:19: note: each undeclared identifier is reported only once for each function it appears in
make[1]: Leaving directory `/home/akshay/plasma-mediacenter/build/CMakeFiles/CMakeTmp'
make[1]: *** [CMakeFiles/cmTryCompileExec2652392648.dir/CheckSymbolExists.c.o] Error 1
make: *** [cmTryCompileExec2652392648/fast] Error 2

File /home/akshay/plasma-mediacenter/build/CMakeFiles/CMakeTmp/CheckSymbolExists.c:
/* */
#include <QtCore/qglobal.h>

int main(int argc, char** argv)
{
  (void)argv;
#ifndef Q_WS_QWS
  return ((int*)(&Q_WS_QWS))[argc];
#else
  (void)argc;
  return 0;
#endif
}

Determining if the Q_WS_MAC exist failed with the following output:
Change Dir: /home/akshay/plasma-mediacenter/build/CMakeFiles/CMakeTmp

Run Build Command:/usr/bin/make "cmTryCompileExec1562689035/fast"
/usr/bin/make -f CMakeFiles/cmTryCompileExec1562689035.dir/build.make CMakeFiles/cmTryCompileExec1562689035.dir/build
make[1]: Entering directory `/home/akshay/plasma-mediacenter/build/CMakeFiles/CMakeTmp'
/usr/bin/cmake -E cmake_progress_report /home/akshay/plasma-mediacenter/build/CMakeFiles/CMakeTmp/CMakeFiles 1
Building C object CMakeFiles/cmTryCompileExec1562689035.dir/CheckSymbolExists.c.o
/usr/bin/gcc   -I/usr/include/qt4    -o CMakeFiles/cmTryCompileExec1562689035.dir/CheckSymbolExists.c.o   -c /home/akshay/plasma-mediacenter/build/CMakeFiles/CMakeTmp/CheckSymbolExists.c
/home/akshay/plasma-mediacenter/build/CMakeFiles/CMakeTmp/CheckSymbolExists.c: In function ‘main’:
/home/akshay/plasma-mediacenter/build/CMakeFiles/CMakeTmp/CheckSymbolExists.c:8:19: error: ‘Q_WS_MAC’ undeclared (first use in this function)
/home/akshay/plasma-mediacenter/build/CMakeFiles/CMakeTmp/CheckSymbolExists.c:8:19: note: each undeclared identifier is reported only once for each function it appears in
make[1]: *** [CMakeFiles/cmTryCompileExec1562689035.dir/CheckSymbolExists.c.o] Error 1
make[1]: Leaving directory `/home/akshay/plasma-mediacenter/build/CMakeFiles/CMakeTmp'
make: *** [cmTryCompileExec1562689035/fast] Error 2

File /home/akshay/plasma-mediacenter/build/CMakeFiles/CMakeTmp/CheckSymbolExists.c:
/* */
#include <QtCore/qglobal.h>

int main(int argc, char** argv)
{
  (void)argv;
#ifndef Q_WS_MAC
  return ((int*)(&Q_WS_MAC))[argc];
#else
  (void)argc;
  return 0;
#endif
}

Determining if the pthread_create exist failed with the following output:
Change Dir: /home/akshay/plasma-mediacenter/build/CMakeFiles/CMakeTmp

Run Build Command:/usr/bin/make "cmTryCompileExec1600639152/fast"
/usr/bin/make -f CMakeFiles/cmTryCompileExec1600639152.dir/build.make CMakeFiles/cmTryCompileExec1600639152.dir/build
make[1]: Entering directory `/home/akshay/plasma-mediacenter/build/CMakeFiles/CMakeTmp'
/usr/bin/cmake -E cmake_progress_report /home/akshay/plasma-mediacenter/build/CMakeFiles/CMakeTmp/CMakeFiles 1
Building C object CMakeFiles/cmTryCompileExec1600639152.dir/CheckSymbolExists.c.o
/usr/bin/gcc    -o CMakeFiles/cmTryCompileExec1600639152.dir/CheckSymbolExists.c.o   -c /home/akshay/plasma-mediacenter/build/CMakeFiles/CMakeTmp/CheckSymbolExists.c
Linking C executable cmTryCompileExec1600639152
/usr/bin/cmake -E cmake_link_script CMakeFiles/cmTryCompileExec1600639152.dir/link.txt --verbose=1
/usr/bin/gcc         CMakeFiles/cmTryCompileExec1600639152.dir/CheckSymbolExists.c.o  -o cmTryCompileExec1600639152 -rdynamic 
CMakeFiles/cmTryCompileExec1600639152.dir/CheckSymbolExists.c.o: In function `main':
CheckSymbolExists.c:(.text+0xa): undefined reference to `pthread_create'
collect2: error: ld returned 1 exit status
make[1]: *** [cmTryCompileExec1600639152] Error 1
make[1]: Leaving directory `/home/akshay/plasma-mediacenter/build/CMakeFiles/CMakeTmp'
make: *** [cmTryCompileExec1600639152/fast] Error 2

File /home/akshay/plasma-mediacenter/build/CMakeFiles/CMakeTmp/CheckSymbolExists.c:
/* */
#include <pthread.h>

int main(int argc, char** argv)
{
  (void)argv;
#ifndef pthread_create
  return ((int*)(&pthread_create))[argc];
#else
  (void)argc;
  return 0;
#endif
}

Determining if the function pthread_create exists in the pthreads failed with the following output:
Change Dir: /home/akshay/plasma-mediacenter/build/CMakeFiles/CMakeTmp

Run Build Command:/usr/bin/make "cmTryCompileExec1942363823/fast"
/usr/bin/make -f CMakeFiles/cmTryCompileExec1942363823.dir/build.make CMakeFiles/cmTryCompileExec1942363823.dir/build
make[1]: Entering directory `/home/akshay/plasma-mediacenter/build/CMakeFiles/CMakeTmp'
/usr/bin/cmake -E cmake_progress_report /home/akshay/plasma-mediacenter/build/CMakeFiles/CMakeTmp/CMakeFiles 1
Building C object CMakeFiles/cmTryCompileExec1942363823.dir/CheckFunctionExists.c.o
/usr/bin/gcc   -DCHECK_FUNCTION_EXISTS=pthread_create   -o CMakeFiles/cmTryCompileExec1942363823.dir/CheckFunctionExists.c.o   -c /usr/share/cmake-2.8/Modules/CheckFunctionExists.c
Linking C executable cmTryCompileExec1942363823
/usr/bin/cmake -E cmake_link_script CMakeFiles/cmTryCompileExec1942363823.dir/link.txt --verbose=1
/usr/bin/gcc     -DCHECK_FUNCTION_EXISTS=pthread_create    CMakeFiles/cmTryCompileExec1942363823.dir/CheckFunctionExists.c.o  -o cmTryCompileExec1942363823 -rdynamic -lpthreads 
/usr/bin/ld: cannot find -lpthreads
collect2: error: ld returned 1 exit status
make[1]: *** [cmTryCompileExec1942363823] Error 1
make[1]: Leaving directory `/home/akshay/plasma-mediacenter/build/CMakeFiles/CMakeTmp'
make: *** [cmTryCompileExec1942363823/fast] Error 2


Performing C++ SOURCE FILE Test _OFFT_IS_64BIT failed with the following output:
Change Dir: /home/akshay/plasma-mediacenter/build/CMakeFiles/CMakeTmp

Run Build Command:/usr/bin/make "cmTryCompileExec58621251/fast"
/usr/bin/make -f CMakeFiles/cmTryCompileExec58621251.dir/build.make CMakeFiles/cmTryCompileExec58621251.dir/build
make[1]: Entering directory `/home/akshay/plasma-mediacenter/build/CMakeFiles/CMakeTmp'
/usr/bin/cmake -E cmake_progress_report /home/akshay/plasma-mediacenter/build/CMakeFiles/CMakeTmp/CMakeFiles 1
Building CXX object CMakeFiles/cmTryCompileExec58621251.dir/src.cxx.o
/usr/bin/c++    -D_OFFT_IS_64BIT   -o CMakeFiles/cmTryCompileExec58621251.dir/src.cxx.o -c /home/akshay/plasma-mediacenter/build/CMakeFiles/CMakeTmp/src.cxx
/home/akshay/plasma-mediacenter/build/CMakeFiles/CMakeTmp/src.cxx:9:23: warning: left shift count >= width of type [enabled by default]
/home/akshay/plasma-mediacenter/build/CMakeFiles/CMakeTmp/src.cxx:9:23: warning: left shift count >= width of type [enabled by default]
/home/akshay/plasma-mediacenter/build/CMakeFiles/CMakeTmp/src.cxx:9:97: error: size of array ‘off_t_is_large’ is negative
make[1]: *** [CMakeFiles/cmTryCompileExec58621251.dir/src.cxx.o] Error 1
make[1]: Leaving directory `/home/akshay/plasma-mediacenter/build/CMakeFiles/CMakeTmp'
make: *** [cmTryCompileExec58621251/fast] Error 2

Source file was:

#include <sys/types.h>
 /* Check that off_t can represent 2**63 - 1 correctly.
    We can't simply define LARGE_OFF_T to be 9223372036854775807,
    since some C++ compilers masquerading as C compilers
    incorrectly reject 9223372036854775807.  */
#define LARGE_OFF_T (((off_t) 1 << 62) - 1 + ((off_t) 1 << 62))

  int off_t_is_large[(LARGE_OFF_T % 2147483629 == 721 && LARGE_OFF_T % 2147483647 == 1) ? 1 : -1];
  int main() { return 0; }

